=======================================
Python Test Cases for 4-print_square.py
=======================================

>>> print_square = __import__('4-print_square').print_square

Test 1
======
>>> print_square(4)
####
####
####
####

Test 2
======
>>> print_square(10)
##########
##########
##########
##########
##########
##########
##########
##########
##########
##########

Test 3
======
print_square(0)
>>> print_square(0)


Test 4
======
>>> print_square(-1)
Traceback (most recent call last):
...
ValueError: size must be >= 0

Test 5
======
>>> print_square(-1.999)
Traceback (most recent call last):
...
TypeError: size must be an integer

Test 6
======
>>> print_square()
Traceback (most recent call last):
...
TypeError: print_square() missing 1 required positional argument: 'size'
